<?xml version="1.0"?>
<testsuite name="Chrome 141.0.0.0 (Windows 10)" package="Contact Form Tests" timestamp="2025-10-30T22:41:43" id="0" hostname="Dino1" tests="35" errors="0" failures="0" time="0.394">
  <properties>
    <property name="browser.fullName" value="Mozilla/5.0 (Windows NT 10.0; Win64; x64) AppleWebKit/537.36 (KHTML, like Gecko) Chrome/141.0.0.0 Safari/537.36"/>
  </properties>
  <testcase name="PRUEBAS FORMULARIO CON VALIDATION.JS - CAMPO POR CAMPO + COMPLETO VALIDACIÓN DE NOMBRE CON validation.js" time="0.052" classname=".PRUEBAS FORMULARIO CON VALIDATION.JS - CAMPO POR CAMPO + COMPLETO"/>
  <testcase name="PRUEBAS FORMULARIO CON VALIDATION.JS - CAMPO POR CAMPO + COMPLETO VALIDACIÓN DE NOMBRE INVÁLIDO con validation.js" time="0.001" classname=".PRUEBAS FORMULARIO CON VALIDATION.JS - CAMPO POR CAMPO + COMPLETO"/>
  <testcase name="PRUEBAS FORMULARIO CON VALIDATION.JS - CAMPO POR CAMPO + COMPLETO VALIDACIÓN DE EMAIL CON validation.js" time="0.022" classname=".PRUEBAS FORMULARIO CON VALIDATION.JS - CAMPO POR CAMPO + COMPLETO"/>
  <testcase name="PRUEBAS FORMULARIO CON VALIDATION.JS - CAMPO POR CAMPO + COMPLETO VALIDACIÓN DE EMAIL INVÁLIDO con validation.js" time="0.013" classname=".PRUEBAS FORMULARIO CON VALIDATION.JS - CAMPO POR CAMPO + COMPLETO"/>
  <testcase name="PRUEBAS FORMULARIO CON VALIDATION.JS - CAMPO POR CAMPO + COMPLETO VALIDACIÓN EN TIEMPO REAL DE EMAIL" time="0.021" classname=".PRUEBAS FORMULARIO CON VALIDATION.JS - CAMPO POR CAMPO + COMPLETO"/>
  <testcase name="PRUEBAS FORMULARIO CON VALIDATION.JS - CAMPO POR CAMPO + COMPLETO VALIDACIÓN DE REFERENCIA CON validation.js" time="0.009" classname=".PRUEBAS FORMULARIO CON VALIDATION.JS - CAMPO POR CAMPO + COMPLETO"/>
  <testcase name="PRUEBAS FORMULARIO CON VALIDATION.JS - CAMPO POR CAMPO + COMPLETO VALIDACIÓN DE TODAS LAS OPCIONES DE REFERENCIA" time="0.02" classname=".PRUEBAS FORMULARIO CON VALIDATION.JS - CAMPO POR CAMPO + COMPLETO"/>
  <testcase name="PRUEBAS FORMULARIO CON VALIDATION.JS - CAMPO POR CAMPO + COMPLETO VALIDACIÓN DE ASUNTO CON validation.js" time="0.008" classname=".PRUEBAS FORMULARIO CON VALIDATION.JS - CAMPO POR CAMPO + COMPLETO"/>
  <testcase name="PRUEBAS FORMULARIO CON VALIDATION.JS - CAMPO POR CAMPO + COMPLETO VALIDACIÓN DE MENSAJE CON validation.js" time="0.007" classname=".PRUEBAS FORMULARIO CON VALIDATION.JS - CAMPO POR CAMPO + COMPLETO"/>
  <testcase name="PRUEBAS FORMULARIO CON VALIDATION.JS - CAMPO POR CAMPO + COMPLETO VALIDACIÓN DE MENSAJE INVÁLIDO con validation.js" time="0" classname=".PRUEBAS FORMULARIO CON VALIDATION.JS - CAMPO POR CAMPO + COMPLETO"/>
  <testcase name="PRUEBAS FORMULARIO CON VALIDATION.JS - CAMPO POR CAMPO + COMPLETO VALIDACIÓN DE WHATSAPP CON validation.js" time="0.008" classname=".PRUEBAS FORMULARIO CON VALIDATION.JS - CAMPO POR CAMPO + COMPLETO"/>
  <testcase name="PRUEBAS FORMULARIO CON VALIDATION.JS - CAMPO POR CAMPO + COMPLETO ACTIVAR Y DESACTIVAR CHECKBOX WHATSAPP" time="0.01" classname=".PRUEBAS FORMULARIO CON VALIDATION.JS - CAMPO POR CAMPO + COMPLETO"/>
  <testcase name="PRUEBAS FORMULARIO CON VALIDATION.JS - CAMPO POR CAMPO + COMPLETO VALIDACIÓN DE TELÉFONO CON validation.js" time="0.009" classname=".PRUEBAS FORMULARIO CON VALIDATION.JS - CAMPO POR CAMPO + COMPLETO"/>
  <testcase name="PRUEBAS FORMULARIO CON VALIDATION.JS - CAMPO POR CAMPO + COMPLETO VALIDACIÓN DE TELÉFONO INVÁLIDO con validation.js" time="0" classname=".PRUEBAS FORMULARIO CON VALIDATION.JS - CAMPO POR CAMPO + COMPLETO"/>
  <testcase name="PRUEBAS FORMULARIO CON VALIDATION.JS - CAMPO POR CAMPO + COMPLETO FORMULARIO COMPLETO CON VALIDACIÓN TOTAL DE validation.js" time="0.021" classname=".PRUEBAS FORMULARIO CON VALIDATION.JS - CAMPO POR CAMPO + COMPLETO"/>
  <testcase name="PRUEBAS FORMULARIO CON VALIDATION.JS - CAMPO POR CAMPO + COMPLETO VALIDACIÓN DE FORMULARIO INCOMPLETO con validation.js" time="0" classname=".PRUEBAS FORMULARIO CON VALIDATION.JS - CAMPO POR CAMPO + COMPLETO"/>
  <testcase name="PRUEBAS FORMULARIO CON VALIDATION.JS - CAMPO POR CAMPO + COMPLETO VALIDACIÓN DE TELÉFONO CUANDO WHATSAPP ESTÁ ACTIVO" time="0" classname=".PRUEBAS FORMULARIO CON VALIDATION.JS - CAMPO POR CAMPO + COMPLETO"/>
  <testcase name="PRUEBAS FORMULARIO CON VALIDATION.JS - CAMPO POR CAMPO + COMPLETO CAMBIO DE CAMPO REFERENCIA ACTUALIZA EL ESTADO" time="0.006" classname=".PRUEBAS FORMULARIO CON VALIDATION.JS - CAMPO POR CAMPO + COMPLETO"/>
  <testcase name="PRUEBAS FORMULARIO CON VALIDATION.JS - CAMPO POR CAMPO + COMPLETO CAMBIO DE MÚLTIPLES CAMPOS EN SECUENCIA" time="0.011" classname=".PRUEBAS FORMULARIO CON VALIDATION.JS - CAMPO POR CAMPO + COMPLETO"/>
  <testcase name="PRUEBAS FORMULARIO CON VALIDATION.JS - CAMPO POR CAMPO + COMPLETO VALIDACIÓN COMPLETA CON TODOS LOS CAMPOS CON ERRORES" time="0.001" classname=".PRUEBAS FORMULARIO CON VALIDATION.JS - CAMPO POR CAMPO + COMPLETO"/>
  <testcase name="PRUEBAS FORMULARIO CON VALIDATION.JS - CAMPO POR CAMPO + COMPLETO EMAIL VACÍO NO EJECUTA VALIDACIÓN EN TIEMPO REAL" time="0.004" classname=".PRUEBAS FORMULARIO CON VALIDATION.JS - CAMPO POR CAMPO + COMPLETO"/>
  <testcase name="PRUEBAS FORMULARIO CON VALIDATION.JS - CAMPO POR CAMPO + COMPLETO CAMBIO DE TELÉFONO SIN WHATSAPP ACTIVO" time="0.004" classname=".PRUEBAS FORMULARIO CON VALIDATION.JS - CAMPO POR CAMPO + COMPLETO"/>
  <testcase name="PRUEBAS FORMULARIO CON VALIDATION.JS - CAMPO POR CAMPO + COMPLETO VALIDACIÓN DE NOMBRE LARGO" time="0.006" classname=".PRUEBAS FORMULARIO CON VALIDATION.JS - CAMPO POR CAMPO + COMPLETO"/>
  <testcase name="PRUEBAS FORMULARIO CON VALIDATION.JS - CAMPO POR CAMPO + COMPLETO VALIDACIÓN DE MENSAJE LARGO" time="0.005" classname=".PRUEBAS FORMULARIO CON VALIDATION.JS - CAMPO POR CAMPO + COMPLETO"/>
  <testcase name="PRUEBAS FORMULARIO CON VALIDATION.JS - CAMPO POR CAMPO + COMPLETO LLENAR FORMULARIO SIN WHATSAPP" time="0.011" classname=".PRUEBAS FORMULARIO CON VALIDATION.JS - CAMPO POR CAMPO + COMPLETO"/>
  <testcase name="PRUEBAS FORMULARIO CON VALIDATION.JS - CAMPO POR CAMPO + COMPLETO VALIDACIÓN DE TELÉFONO SIN WHATSAPP NO GENERA ERROR" time="0.001" classname=".PRUEBAS FORMULARIO CON VALIDATION.JS - CAMPO POR CAMPO + COMPLETO"/>
  <testcase name="PRUEBAS FORMULARIO CON VALIDATION.JS - CAMPO POR CAMPO + COMPLETO CAMBIAR EMAIL DE INVÁLIDO A VÁLIDO LIMPIA ERROR" time="0.008" classname=".PRUEBAS FORMULARIO CON VALIDATION.JS - CAMPO POR CAMPO + COMPLETO"/>
  <testcase name="PRUEBAS FORMULARIO CON VALIDATION.JS - CAMPO POR CAMPO + COMPLETO INTENTAR ENVIAR FORMULARIO CON ERRORES DE VALIDACIÓN" time="0.076" classname=".PRUEBAS FORMULARIO CON VALIDATION.JS - CAMPO POR CAMPO + COMPLETO"/>
  <testcase name="PRUEBAS FORMULARIO CON VALIDATION.JS - CAMPO POR CAMPO + COMPLETO CLICK EN BOTÓN ENVIAR CON FORMULARIO VÁLIDO" time="0.034" classname=".PRUEBAS FORMULARIO CON VALIDATION.JS - CAMPO POR CAMPO + COMPLETO"/>
  <testcase name="PRUEBAS FORMULARIO CON VALIDATION.JS - CAMPO POR CAMPO + COMPLETO VERIFICAR ESTADO INICIAL DEL FORMULARIO" time="0.009" classname=".PRUEBAS FORMULARIO CON VALIDATION.JS - CAMPO POR CAMPO + COMPLETO"/>
  <testcase name="PRUEBAS FORMULARIO CON VALIDATION.JS - CAMPO POR CAMPO + COMPLETO LLENAR TELÉFONO Y LUEGO DESACTIVAR WHATSAPP" time="0.014" classname=".PRUEBAS FORMULARIO CON VALIDATION.JS - CAMPO POR CAMPO + COMPLETO"/>
  <testcase name="PRUEBAS FORMULARIO CON VALIDATION.JS - CAMPO POR CAMPO + COMPLETO VALIDAR MÚLTIPLES FORMATOS DE EMAIL" time="0.001" classname=".PRUEBAS FORMULARIO CON VALIDATION.JS - CAMPO POR CAMPO + COMPLETO"/>
  <testcase name="PRUEBAS FORMULARIO CON VALIDATION.JS - CAMPO POR CAMPO + COMPLETO VALIDAR MÚLTIPLES FORMATOS DE TELÉFONO" time="0.001" classname=".PRUEBAS FORMULARIO CON VALIDATION.JS - CAMPO POR CAMPO + COMPLETO"/>
  <testcase name="PRUEBAS FORMULARIO CON VALIDATION.JS - CAMPO POR CAMPO + COMPLETO VALIDAR LÍMITES DE LONGITUD DE NOMBRE" time="0" classname=".PRUEBAS FORMULARIO CON VALIDATION.JS - CAMPO POR CAMPO + COMPLETO"/>
  <testcase name="PRUEBAS FORMULARIO CON VALIDATION.JS - CAMPO POR CAMPO + COMPLETO VALIDAR LÍMITES DE LONGITUD DE MENSAJE" time="0.001" classname=".PRUEBAS FORMULARIO CON VALIDATION.JS - CAMPO POR CAMPO + COMPLETO"/>
  <system-out>
    <![CDATA[Chrome 141.0.0.0 (Windows 10) WARN: '⚠️ React Router Future Flag Warning: React Router will begin wrapping state updates in `React.startTransition` in v7. You can use the `v7_startTransition` future flag to opt-in early. For more information, see https://reactrouter.com/v6/upgrading/future#v7_starttransition.'
,Chrome 141.0.0.0 (Windows 10) WARN: '⚠️ React Router Future Flag Warning: Relative route resolution within Splat routes is changing in v7. You can use the `v7_relativeSplatPath` future flag to opt-in early. For more information, see https://reactrouter.com/v6/upgrading/future#v7_relativesplatpath.'
,Chrome 141.0.0.0 (Windows 10) ERROR: 'Error enviando formulario:', Error: Error en la respuesta del servidor
Error: Error en la respuesta del servidor
    at sendContactForm (webpack://spaceti-react/./src/utils/api.js?:204:13)
    at async handleSubmit (webpack://spaceti-react/./src/pages/Contact.js?:941:49)

]]>
  </system-out>
  <system-err/>
</testsuite>