<?xml version="1.0" ?>
<!DOCTYPE coverage SYSTEM "http://cobertura.sourceforge.net/xml/coverage-04.dtd">
<coverage lines-valid="63" lines-covered="56" line-rate="0.8887999999999999" branches-valid="32" branches-covered="27" branch-rate="0.8437" timestamp="1761777135919" complexity="0" version="0.1">
  <sources>
    <source>C:\Users\gambo\OneDrive\Documentos\GitHub\Evaluacion-2-Grupo-4\evaluacion-2</source>
  </sources>
  <packages>
    <package name="pages" line-rate="0.8" branch-rate="0.75">
      <classes>
        <class name="Contact.js" filename="src\pages\Contact.js" line-rate="0.8" branch-rate="0.75">
          <methods>
            <method name="(anonymous_0)" hits="73" signature="()V">
              <lines>
                <line number="6" hits="73"/>
              </lines>
            </method>
            <method name="(anonymous_1)" hits="48" signature="()V">
              <lines>
                <line number="20" hits="48"/>
              </lines>
            </method>
            <method name="(anonymous_2)" hits="48" signature="()V">
              <lines>
                <line number="22" hits="48"/>
              </lines>
            </method>
            <method name="(anonymous_3)" hits="3" signature="()V">
              <lines>
                <line number="30" hits="3"/>
              </lines>
            </method>
            <method name="(anonymous_4)" hits="7" signature="()V">
              <lines>
                <line number="32" hits="7"/>
              </lines>
            </method>
            <method name="(anonymous_5)" hits="1" signature="()V">
              <lines>
                <line number="37" hits="1"/>
              </lines>
            </method>
          </methods>
          <lines>
            <line number="6" hits="1" branch="false"/>
            <line number="7" hits="73" branch="false"/>
            <line number="16" hits="73" branch="false"/>
            <line number="17" hits="73" branch="false"/>
            <line number="18" hits="73" branch="false"/>
            <line number="20" hits="73" branch="false"/>
            <line number="21" hits="48" branch="false"/>
            <line number="22" hits="48" branch="false"/>
            <line number="28" hits="48" branch="true" condition-coverage="100% (4/4)"/>
            <line number="29" hits="10" branch="true" condition-coverage="100% (2/2)"/>
            <line number="30" hits="3" branch="false"/>
            <line number="32" hits="7" branch="false"/>
            <line number="37" hits="73" branch="false"/>
            <line number="38" hits="1" branch="false"/>
            <line number="40" hits="1" branch="false"/>
            <line number="41" hits="1" branch="true" condition-coverage="50% (1/2)"/>
            <line number="42" hits="0" branch="false"/>
            <line number="43" hits="0" branch="false"/>
            <line number="46" hits="1" branch="false"/>
            <line number="47" hits="1" branch="false"/>
            <line number="48" hits="1" branch="false"/>
            <line number="50" hits="1" branch="false"/>
            <line number="51" hits="1" branch="false"/>
            <line number="53" hits="0" branch="true" condition-coverage="0% (0/2)"/>
            <line number="54" hits="0" branch="false"/>
            <line number="59" hits="0" branch="false"/>
            <line number="69" hits="0" branch="false"/>
            <line number="76" hits="1" branch="false"/>
            <line number="82" hits="1" branch="false"/>
            <line number="86" hits="73" branch="false"/>
          </lines>
        </class>
      </classes>
    </package>
    <package name="utils" line-rate="0.9695999999999999" branch-rate="0.9375">
      <classes>
        <class name="api.js" filename="src\utils\api.js" line-rate="0.875" branch-rate="0.5">
          <methods>
            <method name="(anonymous_0)" hits="1" signature="()V">
              <lines>
                <line number="1" hits="1"/>
              </lines>
            </method>
          </methods>
          <lines>
            <line number="1" hits="1" branch="false"/>
            <line number="2" hits="1" branch="false"/>
            <line number="3" hits="1" branch="false"/>
            <line number="11" hits="1" branch="true" condition-coverage="50% (1/2)"/>
            <line number="12" hits="1" branch="false"/>
            <line number="15" hits="0" branch="false"/>
            <line number="17" hits="1" branch="false"/>
            <line number="18" hits="1" branch="false"/>
          </lines>
        </class>
        <class name="validation.js" filename="src\utils\validation.js" line-rate="1" branch-rate="1">
          <methods>
            <method name="(anonymous_0)" hits="31" signature="()V">
              <lines>
                <line number="2" hits="31"/>
              </lines>
            </method>
            <method name="(anonymous_1)" hits="13" signature="()V">
              <lines>
                <line number="8" hits="13"/>
              </lines>
            </method>
            <method name="(anonymous_2)" hits="14" signature="()V">
              <lines>
                <line number="14" hits="14"/>
              </lines>
            </method>
            <method name="(anonymous_3)" hits="15" signature="()V">
              <lines>
                <line number="19" hits="15"/>
              </lines>
            </method>
            <method name="(anonymous_4)" hits="7" signature="()V">
              <lines>
                <line number="24" hits="7"/>
              </lines>
            </method>
          </methods>
          <lines>
            <line number="2" hits="1" branch="false"/>
            <line number="3" hits="31" branch="false"/>
            <line number="4" hits="31" branch="false"/>
            <line number="8" hits="1" branch="false"/>
            <line number="9" hits="13" branch="false"/>
            <line number="10" hits="13" branch="false"/>
            <line number="14" hits="1" branch="false"/>
            <line number="15" hits="14" branch="false"/>
            <line number="19" hits="1" branch="false"/>
            <line number="20" hits="15" branch="false"/>
            <line number="24" hits="1" branch="false"/>
            <line number="25" hits="7" branch="false"/>
            <line number="27" hits="7" branch="true" condition-coverage="100% (2/2)"/>
            <line number="28" hits="2" branch="false"/>
            <line number="31" hits="7" branch="true" condition-coverage="100% (2/2)"/>
            <line number="32" hits="2" branch="false"/>
            <line number="35" hits="7" branch="true" condition-coverage="100% (2/2)"/>
            <line number="36" hits="2" branch="false"/>
            <line number="39" hits="7" branch="true" condition-coverage="100% (2/2)"/>
            <line number="40" hits="2" branch="false"/>
            <line number="43" hits="7" branch="true" condition-coverage="100% (2/2)"/>
            <line number="44" hits="2" branch="false"/>
            <line number="47" hits="7" branch="true" condition-coverage="100% (4/4)"/>
            <line number="48" hits="2" branch="false"/>
            <line number="51" hits="7" branch="false"/>
          </lines>
        </class>
      </classes>
    </package>
  </packages>
</coverage>
