{"C:\\Users\\gambo\\OneDrive\\Documentos\\GitHub\\Evaluacion-2-Grupo-4\\evaluacion-2\\src\\pages\\Contact.js": {"path":"C:\\Users\\gambo\\OneDrive\\Documentos\\GitHub\\Evaluacion-2-Grupo-4\\evaluacion-2\\src\\pages\\Contact.js","statementMap":{"0":{"start":{"line":6,"column":16},"end":{"line":320,"column":1}},"1":{"start":{"line":7,"column":34},"end":{"line":15,"column":4}},"2":{"start":{"line":16,"column":42},"end":{"line":16,"column":57}},"3":{"start":{"line":17,"column":28},"end":{"line":17,"column":76}},"4":{"start":{"line":18,"column":30},"end":{"line":18,"column":42}},"5":{"start":{"line":20,"column":23},"end":{"line":35,"column":3}},"6":{"start":{"line":21,"column":43},"end":{"line":21,"column":51}},"7":{"start":{"line":22,"column":4},"end":{"line":25,"column":8}},"8":{"start":{"line":22,"column":25},"end":{"line":25,"column":5}},"9":{"start":{"line":28,"column":4},"end":{"line":34,"column":5}},"10":{"start":{"line":29,"column":6},"end":{"line":33,"column":7}},"11":{"start":{"line":30,"column":8},"end":{"line":30,"column":97}},"12":{"start":{"line":30,"column":27},"end":{"line":30,"column":94}},"13":{"start":{"line":32,"column":8},"end":{"line":32,"column":52}},"14":{"start":{"line":32,"column":27},"end":{"line":32,"column":49}},"15":{"start":{"line":37,"column":23},"end":{"line":84,"column":3}},"16":{"start":{"line":38,"column":4},"end":{"line":38,"column":23}},"17":{"start":{"line":40,"column":23},"end":{"line":40,"column":52}},"18":{"start":{"line":41,"column":4},"end":{"line":44,"column":5}},"19":{"start":{"line":42,"column":6},"end":{"line":42,"column":28}},"20":{"start":{"line":43,"column":6},"end":{"line":43,"column":13}},"21":{"start":{"line":46,"column":4},"end":{"line":46,"column":18}},"22":{"start":{"line":47,"column":4},"end":{"line":47,"column":26}},"23":{"start":{"line":48,"column":4},"end":{"line":48,"column":53}},"24":{"start":{"line":50,"column":4},"end":{"line":83,"column":5}},"25":{"start":{"line":51,"column":21},"end":{"line":51,"column":52}},"26":{"start":{"line":53,"column":6},"end":{"line":74,"column":7}},"27":{"start":{"line":54,"column":8},"end":{"line":58,"column":11}},"28":{"start":{"line":59,"column":8},"end":{"line":67,"column":11}},"29":{"start":{"line":69,"column":8},"end":{"line":73,"column":11}},"30":{"start":{"line":76,"column":6},"end":{"line":80,"column":9}},"31":{"start":{"line":82,"column":6},"end":{"line":82,"column":29}},"32":{"start":{"line":86,"column":2},"end":{"line":319,"column":4}}},"fnMap":{"0":{"name":"(anonymous_0)","decl":{"start":{"line":6,"column":16},"end":{"line":6,"column":17}},"loc":{"start":{"line":6,"column":22},"end":{"line":320,"column":1}},"line":6},"1":{"name":"(anonymous_1)","decl":{"start":{"line":20,"column":23},"end":{"line":20,"column":24}},"loc":{"start":{"line":20,"column":30},"end":{"line":35,"column":3}},"line":20},"2":{"name":"(anonymous_2)","decl":{"start":{"line":22,"column":16},"end":{"line":22,"column":17}},"loc":{"start":{"line":22,"column":25},"end":{"line":25,"column":5}},"line":22},"3":{"name":"(anonymous_3)","decl":{"start":{"line":30,"column":18},"end":{"line":30,"column":19}},"loc":{"start":{"line":30,"column":27},"end":{"line":30,"column":94}},"line":30},"4":{"name":"(anonymous_4)","decl":{"start":{"line":32,"column":18},"end":{"line":32,"column":19}},"loc":{"start":{"line":32,"column":27},"end":{"line":32,"column":49}},"line":32},"5":{"name":"(anonymous_5)","decl":{"start":{"line":37,"column":23},"end":{"line":37,"column":24}},"loc":{"start":{"line":37,"column":36},"end":{"line":84,"column":3}},"line":37}},"branchMap":{"0":{"loc":{"start":{"line":24,"column":14},"end":{"line":24,"column":51}},"type":"cond-expr","locations":[{"start":{"line":24,"column":36},"end":{"line":24,"column":43}},{"start":{"line":24,"column":46},"end":{"line":24,"column":51}}],"line":24},"1":{"loc":{"start":{"line":28,"column":4},"end":{"line":34,"column":5}},"type":"if","locations":[{"start":{"line":28,"column":4},"end":{"line":34,"column":5}},{"start":{},"end":{}}],"line":28},"2":{"loc":{"start":{"line":28,"column":8},"end":{"line":28,"column":33}},"type":"binary-expr","locations":[{"start":{"line":28,"column":8},"end":{"line":28,"column":24}},{"start":{"line":28,"column":28},"end":{"line":28,"column":33}}],"line":28},"3":{"loc":{"start":{"line":29,"column":6},"end":{"line":33,"column":7}},"type":"if","locations":[{"start":{"line":29,"column":6},"end":{"line":33,"column":7}},{"start":{"line":31,"column":13},"end":{"line":33,"column":7}}],"line":29},"4":{"loc":{"start":{"line":41,"column":4},"end":{"line":44,"column":5}},"type":"if","locations":[{"start":{"line":41,"column":4},"end":{"line":44,"column":5}},{"start":{},"end":{}}],"line":41},"5":{"loc":{"start":{"line":53,"column":6},"end":{"line":74,"column":7}},"type":"if","locations":[{"start":{"line":53,"column":6},"end":{"line":74,"column":7}},{"start":{"line":68,"column":13},"end":{"line":74,"column":7}}],"line":53},"6":{"loc":{"start":{"line":96,"column":9},"end":{"line":100,"column":9}},"type":"binary-expr","locations":[{"start":{"line":96,"column":9},"end":{"line":96,"column":19}},{"start":{"line":97,"column":10},"end":{"line":99,"column":18}}],"line":96},"7":{"loc":{"start":{"line":303,"column":21},"end":{"line":303,"column":68}},"type":"cond-expr","locations":[{"start":{"line":303,"column":36},"end":{"line":303,"column":49}},{"start":{"line":303,"column":52},"end":{"line":303,"column":68}}],"line":303}},"s":{"0":1,"1":73,"2":73,"3":73,"4":73,"5":73,"6":48,"7":48,"8":48,"9":48,"10":10,"11":3,"12":3,"13":7,"14":7,"15":73,"16":1,"17":1,"18":1,"19":0,"20":0,"21":1,"22":1,"23":1,"24":1,"25":1,"26":0,"27":0,"28":0,"29":0,"30":1,"31":1,"32":73},"f":{"0":73,"1":48,"2":48,"3":3,"4":7,"5":1},"b":{"0":[7,41],"1":[10,38],"2":[48,10],"3":[3,7],"4":[0,1],"5":[0,0],"6":[73,0],"7":[1,72]},"_coverageSchema":"1a1c01bbd47fc00a2c39e90264f33305004495a9","hash":"cc3f94016b32974f1f362358c74b1020927e5b85"}
,"C:\\Users\\gambo\\OneDrive\\Documentos\\GitHub\\Evaluacion-2-Grupo-4\\evaluacion-2\\src\\utils\\api.js": {"path":"C:\\Users\\gambo\\OneDrive\\Documentos\\GitHub\\Evaluacion-2-Grupo-4\\evaluacion-2\\src\\utils\\api.js","statementMap":{"0":{"start":{"line":1,"column":31},"end":{"line":20,"column":1}},"1":{"start":{"line":2,"column":2},"end":{"line":19,"column":3}},"2":{"start":{"line":3,"column":21},"end":{"line":9,"column":6}},"3":{"start":{"line":11,"column":4},"end":{"line":13,"column":5}},"4":{"start":{"line":12,"column":6},"end":{"line":12,"column":60}},"5":{"start":{"line":15,"column":4},"end":{"line":15,"column":33}},"6":{"start":{"line":17,"column":4},"end":{"line":17,"column":55}},"7":{"start":{"line":18,"column":4},"end":{"line":18,"column":16}}},"fnMap":{"0":{"name":"(anonymous_0)","decl":{"start":{"line":1,"column":31},"end":{"line":1,"column":32}},"loc":{"start":{"line":1,"column":51},"end":{"line":20,"column":1}},"line":1}},"branchMap":{"0":{"loc":{"start":{"line":11,"column":4},"end":{"line":13,"column":5}},"type":"if","locations":[{"start":{"line":11,"column":4},"end":{"line":13,"column":5}},{"start":{},"end":{}}],"line":11}},"s":{"0":1,"1":1,"2":1,"3":1,"4":1,"5":0,"6":1,"7":1},"f":{"0":1},"b":{"0":[1,0]},"_coverageSchema":"1a1c01bbd47fc00a2c39e90264f33305004495a9","hash":"f18c30ba1d684e9b979a9229eb7e0894796a4f6c"}
,"C:\\Users\\gambo\\OneDrive\\Documentos\\GitHub\\Evaluacion-2-Grupo-4\\evaluacion-2\\src\\utils\\validation.js": {"path":"C:\\Users\\gambo\\OneDrive\\Documentos\\GitHub\\Evaluacion-2-Grupo-4\\evaluacion-2\\src\\utils\\validation.js","statementMap":{"0":{"start":{"line":2,"column":29},"end":{"line":5,"column":1}},"1":{"start":{"line":3,"column":21},"end":{"line":3,"column":49}},"2":{"start":{"line":4,"column":2},"end":{"line":4,"column":32}},"3":{"start":{"line":8,"column":29},"end":{"line":11,"column":1}},"4":{"start":{"line":9,"column":21},"end":{"line":9,"column":46}},"5":{"start":{"line":10,"column":2},"end":{"line":10,"column":32}},"6":{"start":{"line":14,"column":28},"end":{"line":16,"column":1}},"7":{"start":{"line":15,"column":2},"end":{"line":15,"column":26}},"8":{"start":{"line":19,"column":31},"end":{"line":21,"column":1}},"9":{"start":{"line":20,"column":2},"end":{"line":20,"column":30}},"10":{"start":{"line":24,"column":35},"end":{"line":52,"column":1}},"11":{"start":{"line":25,"column":17},"end":{"line":25,"column":19}},"12":{"start":{"line":27,"column":2},"end":{"line":29,"column":3}},"13":{"start":{"line":28,"column":4},"end":{"line":28,"column":65}},"14":{"start":{"line":31,"column":2},"end":{"line":33,"column":3}},"15":{"start":{"line":32,"column":4},"end":{"line":32,"column":67}},"16":{"start":{"line":35,"column":2},"end":{"line":37,"column":3}},"17":{"start":{"line":36,"column":4},"end":{"line":36,"column":66}},"18":{"start":{"line":39,"column":2},"end":{"line":41,"column":3}},"19":{"start":{"line":40,"column":4},"end":{"line":40,"column":45}},"20":{"start":{"line":43,"column":2},"end":{"line":45,"column":3}},"21":{"start":{"line":44,"column":4},"end":{"line":44,"column":68}},"22":{"start":{"line":47,"column":2},"end":{"line":49,"column":3}},"23":{"start":{"line":48,"column":4},"end":{"line":48,"column":49}},"24":{"start":{"line":51,"column":2},"end":{"line":51,"column":16}}},"fnMap":{"0":{"name":"(anonymous_0)","decl":{"start":{"line":2,"column":29},"end":{"line":2,"column":30}},"loc":{"start":{"line":2,"column":40},"end":{"line":5,"column":1}},"line":2},"1":{"name":"(anonymous_1)","decl":{"start":{"line":8,"column":29},"end":{"line":8,"column":30}},"loc":{"start":{"line":8,"column":40},"end":{"line":11,"column":1}},"line":8},"2":{"name":"(anonymous_2)","decl":{"start":{"line":14,"column":28},"end":{"line":14,"column":29}},"loc":{"start":{"line":14,"column":38},"end":{"line":16,"column":1}},"line":14},"3":{"name":"(anonymous_3)","decl":{"start":{"line":19,"column":31},"end":{"line":19,"column":32}},"loc":{"start":{"line":19,"column":44},"end":{"line":21,"column":1}},"line":19},"4":{"name":"(anonymous_4)","decl":{"start":{"line":24,"column":35},"end":{"line":24,"column":36}},"loc":{"start":{"line":24,"column":49},"end":{"line":52,"column":1}},"line":24}},"branchMap":{"0":{"loc":{"start":{"line":27,"column":2},"end":{"line":29,"column":3}},"type":"if","locations":[{"start":{"line":27,"column":2},"end":{"line":29,"column":3}},{"start":{},"end":{}}],"line":27},"1":{"loc":{"start":{"line":31,"column":2},"end":{"line":33,"column":3}},"type":"if","locations":[{"start":{"line":31,"column":2},"end":{"line":33,"column":3}},{"start":{},"end":{}}],"line":31},"2":{"loc":{"start":{"line":35,"column":2},"end":{"line":37,"column":3}},"type":"if","locations":[{"start":{"line":35,"column":2},"end":{"line":37,"column":3}},{"start":{},"end":{}}],"line":35},"3":{"loc":{"start":{"line":39,"column":2},"end":{"line":41,"column":3}},"type":"if","locations":[{"start":{"line":39,"column":2},"end":{"line":41,"column":3}},{"start":{},"end":{}}],"line":39},"4":{"loc":{"start":{"line":43,"column":2},"end":{"line":45,"column":3}},"type":"if","locations":[{"start":{"line":43,"column":2},"end":{"line":45,"column":3}},{"start":{},"end":{}}],"line":43},"5":{"loc":{"start":{"line":47,"column":2},"end":{"line":49,"column":3}},"type":"if","locations":[{"start":{"line":47,"column":2},"end":{"line":49,"column":3}},{"start":{},"end":{}}],"line":47},"6":{"loc":{"start":{"line":47,"column":6},"end":{"line":47,"column":68}},"type":"binary-expr","locations":[{"start":{"line":47,"column":6},"end":{"line":47,"column":31}},{"start":{"line":47,"column":35},"end":{"line":47,"column":68}}],"line":47}},"s":{"0":1,"1":31,"2":31,"3":1,"4":13,"5":13,"6":1,"7":14,"8":1,"9":15,"10":1,"11":7,"12":7,"13":2,"14":7,"15":2,"16":7,"17":2,"18":7,"19":2,"20":7,"21":2,"22":7,"23":2,"24":7},"f":{"0":31,"1":13,"2":14,"3":15,"4":7},"b":{"0":[2,5],"1":[2,5],"2":[2,5],"3":[2,5],"4":[2,5],"5":[2,5],"6":[7,3]},"_coverageSchema":"1a1c01bbd47fc00a2c39e90264f33305004495a9","hash":"8b0c9350592f2782f7b9f593cd173a08b3009d98"}
}
