TN:
SF:src\pages\Contact.js
FN:6,(anonymous_0)
FN:20,(anonymous_1)
FN:22,(anonymous_2)
FN:30,(anonymous_3)
FN:32,(anonymous_4)
FN:37,(anonymous_5)
FNF:6
FNH:6
FNDA:73,(anonymous_0)
FNDA:48,(anonymous_1)
FNDA:48,(anonymous_2)
FNDA:3,(anonymous_3)
FNDA:7,(anonymous_4)
FNDA:1,(anonymous_5)
DA:6,1
DA:7,73
DA:16,73
DA:17,73
DA:18,73
DA:20,73
DA:21,48
DA:22,48
DA:28,48
DA:29,10
DA:30,3
DA:32,7
DA:37,73
DA:38,1
DA:40,1
DA:41,1
DA:42,0
DA:43,0
DA:46,1
DA:47,1
DA:48,1
DA:50,1
DA:51,1
DA:53,0
DA:54,0
DA:59,0
DA:69,0
DA:76,1
DA:82,1
DA:86,73
LF:30
LH:24
BRDA:24,0,0,7
BRDA:24,0,1,41
BRDA:28,1,0,10
BRDA:28,1,1,38
BRDA:28,2,0,48
BRDA:28,2,1,10
BRDA:29,3,0,3
BRDA:29,3,1,7
BRDA:41,4,0,0
BRDA:41,4,1,1
BRDA:53,5,0,0
BRDA:53,5,1,0
BRDA:96,6,0,73
BRDA:96,6,1,0
BRDA:303,7,0,1
BRDA:303,7,1,72
BRF:16
BRH:12
end_of_record
TN:
SF:src\utils\api.js
FN:1,(anonymous_0)
FNF:1
FNH:1
FNDA:1,(anonymous_0)
DA:1,1
DA:2,1
DA:3,1
DA:11,1
DA:12,1
DA:15,0
DA:17,1
DA:18,1
LF:8
LH:7
BRDA:11,0,0,1
BRDA:11,0,1,0
BRF:2
BRH:1
end_of_record
TN:
SF:src\utils\validation.js
FN:2,(anonymous_0)
FN:8,(anonymous_1)
FN:14,(anonymous_2)
FN:19,(anonymous_3)
FN:24,(anonymous_4)
FNF:5
FNH:5
FNDA:31,(anonymous_0)
FNDA:13,(anonymous_1)
FNDA:14,(anonymous_2)
FNDA:15,(anonymous_3)
FNDA:7,(anonymous_4)
DA:2,1
DA:3,31
DA:4,31
DA:8,1
DA:9,13
DA:10,13
DA:14,1
DA:15,14
DA:19,1
DA:20,15
DA:24,1
DA:25,7
DA:27,7
DA:28,2
DA:31,7
DA:32,2
DA:35,7
DA:36,2
DA:39,7
DA:40,2
DA:43,7
DA:44,2
DA:47,7
DA:48,2
DA:51,7
LF:25
LH:25
BRDA:27,0,0,2
BRDA:27,0,1,5
BRDA:31,1,0,2
BRDA:31,1,1,5
BRDA:35,2,0,2
BRDA:35,2,1,5
BRDA:39,3,0,2
BRDA:39,3,1,5
BRDA:43,4,0,2
BRDA:43,4,1,5
BRDA:47,5,0,2
BRDA:47,5,1,5
BRDA:47,6,0,7
BRDA:47,6,1,3
BRF:14
BRH:14
end_of_record
